==177484== Memcheck, a memory error detector
==177484== Copyright (C) 2002-2017, and GNU GPL'd, by Julian Seward et al.
==177484== Using Valgrind-3.18.1 and LibVEX; rerun with -h for copyright info
==177484== Command: ./cub3D maps/blabla.cub
==177484== Parent PID: 169335
==177484== 
==177484== Invalid write of size 4
==177484==    at 0x40373C: put_pixel (in /sgoinfre/mhdeeb/Core/cub3D/cub3D/cub3D)
==177484==    by 0x403534: draw_ceiling_and_floor (in /sgoinfre/mhdeeb/Core/cub3D/cub3D/cub3D)
==177484==    by 0x4034D2: draw_wall_column (in /sgoinfre/mhdeeb/Core/cub3D/cub3D/cub3D)
==177484==    by 0x403345: render_frame (in /sgoinfre/mhdeeb/Core/cub3D/cub3D/cub3D)
==177484==    by 0x402741: on_frame_tick (in /sgoinfre/mhdeeb/Core/cub3D/cub3D/cub3D)
==177484==    by 0x406543: mlx_loop (in /sgoinfre/mhdeeb/Core/cub3D/cub3D/cub3D)
==177484==    by 0x4027F6: start_game_loop (in /sgoinfre/mhdeeb/Core/cub3D/cub3D/cub3D)
==177484==    by 0x4025AB: main (in /sgoinfre/mhdeeb/Core/cub3D/cub3D/cub3D)
==177484==  Address 0x5321480 is not stack'd, malloc'd or (recently) free'd
==177484== 
==177484== 
==177484== Process terminating with default action of signal 11 (SIGSEGV)
==177484==  Access not within mapped region at address 0x5321480
==177484==    at 0x40373C: put_pixel (in /sgoinfre/mhdeeb/Core/cub3D/cub3D/cub3D)
==177484==    by 0x403534: draw_ceiling_and_floor (in /sgoinfre/mhdeeb/Core/cub3D/cub3D/cub3D)
==177484==    by 0x4034D2: draw_wall_column (in /sgoinfre/mhdeeb/Core/cub3D/cub3D/cub3D)
==177484==    by 0x403345: render_frame (in /sgoinfre/mhdeeb/Core/cub3D/cub3D/cub3D)
==177484==    by 0x402741: on_frame_tick (in /sgoinfre/mhdeeb/Core/cub3D/cub3D/cub3D)
==177484==    by 0x406543: mlx_loop (in /sgoinfre/mhdeeb/Core/cub3D/cub3D/cub3D)
==177484==    by 0x4027F6: start_game_loop (in /sgoinfre/mhdeeb/Core/cub3D/cub3D/cub3D)
==177484==    by 0x4025AB: main (in /sgoinfre/mhdeeb/Core/cub3D/cub3D/cub3D)
==177484==  If you believe this happened as a result of a stack
==177484==  overflow in your program's main thread (unlikely but
==177484==  possible), you can try to increase the size of the
==177484==  main thread stack using the --main-stacksize= flag.
==177484==  The main thread stack size used in this run was 8388608.
==177484== 
==177484== HEAP SUMMARY:
==177484==     in use at exit: 113,580 bytes in 145 blocks
==177484==   total heap usage: 1,644 allocs, 1,499 frees, 444,891 bytes allocated
==177484== 
==177484== 3 bytes in 1 blocks are still reachable in loss record 1 of 62
==177484==    at 0x4848899: malloc (in /usr/libexec/valgrind/vgpreload_memcheck-amd64-linux.so)
==177484==    by 0x4B5458E: strdup (strdup.c:42)
==177484==    by 0x48B4B45: XOpenDisplay (in /usr/lib/x86_64-linux-gnu/libX11.so.6.4.0)
==177484==    by 0x4061D6: mlx_init (in /sgoinfre/mhdeeb/Core/cub3D/cub3D/cub3D)
==177484==    by 0x4037BB: init_mlx (in /sgoinfre/mhdeeb/Core/cub3D/cub3D/cub3D)
==177484==    by 0x402593: main (in /sgoinfre/mhdeeb/Core/cub3D/cub3D/cub3D)
==177484== 
==177484== 8 bytes in 1 blocks are still reachable in loss record 2 of 62
==177484==    at 0x4848899: malloc (in /usr/libexec/valgrind/vgpreload_memcheck-amd64-linux.so)
==177484==    by 0x4B5458E: strdup (strdup.c:42)
==177484==    by 0x48B19AE: XInitExtension (in /usr/lib/x86_64-linux-gnu/libX11.so.6.4.0)
==177484==    by 0x4876820: XextAddDisplay (in /usr/lib/x86_64-linux-gnu/libXext.so.6.4.0)
==177484==    by 0x487B9E2: XShmQueryVersion (in /usr/lib/x86_64-linux-gnu/libXext.so.6.4.0)
==177484==    by 0x406013: mlx_int_deal_shm (in /sgoinfre/mhdeeb/Core/cub3D/cub3D/cub3D)
==177484==    by 0x406280: mlx_init (in /sgoinfre/mhdeeb/Core/cub3D/cub3D/cub3D)
==177484==    by 0x4037BB: init_mlx (in /sgoinfre/mhdeeb/Core/cub3D/cub3D/cub3D)
==177484==    by 0x402593: main (in /sgoinfre/mhdeeb/Core/cub3D/cub3D/cub3D)
==177484== 
==177484== 8 bytes in 1 blocks are still reachable in loss record 3 of 62
==177484==    at 0x4848899: malloc (in /usr/libexec/valgrind/vgpreload_memcheck-amd64-linux.so)
==177484==    by 0x4874B34: ??? (in /usr/lib/x86_64-linux-gnu/libXext.so.6.4.0)
==177484==    by 0x48769DF: XextAddDisplay (in /usr/lib/x86_64-linux-gnu/libXext.so.6.4.0)
==177484==    by 0x487B9E2: XShmQueryVersion (in /usr/lib/x86_64-linux-gnu/libXext.so.6.4.0)
==177484==    by 0x406013: mlx_int_deal_shm (in /sgoinfre/mhdeeb/Core/cub3D/cub3D/cub3D)
==177484==    by 0x406280: mlx_init (in /sgoinfre/mhdeeb/Core/cub3D/cub3D/cub3D)
==177484==    by 0x4037BB: init_mlx (in /sgoinfre/mhdeeb/Core/cub3D/cub3D/cub3D)
==177484==    by 0x402593: main (in /sgoinfre/mhdeeb/Core/cub3D/cub3D/cub3D)
==177484== 
==177484== 10 bytes in 1 blocks are still reachable in loss record 4 of 62
==177484==    at 0x4848899: malloc (in /usr/libexec/valgrind/vgpreload_memcheck-amd64-linux.so)
==177484==    by 0x4B5458E: strdup (strdup.c:42)
==177484==    by 0x48B19AE: XInitExtension (in /usr/lib/x86_64-linux-gnu/libX11.so.6.4.0)
==177484==    by 0x491B213: XkbUseExtension (in /usr/lib/x86_64-linux-gnu/libX11.so.6.4.0)
==177484==    by 0x48B56A8: XOpenDisplay (in /usr/lib/x86_64-linux-gnu/libX11.so.6.4.0)
==177484==    by 0x4061D6: mlx_init (in /sgoinfre/mhdeeb/Core/cub3D/cub3D/cub3D)
==177484==    by 0x4037BB: init_mlx (in /sgoinfre/mhdeeb/Core/cub3D/cub3D/cub3D)
==177484==    by 0x402593: main (in /sgoinfre/mhdeeb/Core/cub3D/cub3D/cub3D)
==177484== 
==177484== 16 bytes in 1 blocks are still reachable in loss record 5 of 62
==177484==    at 0x4848899: malloc (in /usr/libexec/valgrind/vgpreload_memcheck-amd64-linux.so)
==177484==    by 0x4CE62EE: xcb_connect_to_fd (in /usr/lib/x86_64-linux-gnu/libxcb.so.1.1.0)
==177484==    by 0x4CE6E6B: xcb_connect_to_display_with_auth_info (in /usr/lib/x86_64-linux-gnu/libxcb.so.1.1.0)
==177484==    by 0x48C4EE9: _XConnectXCB (in /usr/lib/x86_64-linux-gnu/libX11.so.6.4.0)
==177484==    by 0x48B4B68: XOpenDisplay (in /usr/lib/x86_64-linux-gnu/libX11.so.6.4.0)
==177484==    by 0x4061D6: mlx_init (in /sgoinfre/mhdeeb/Core/cub3D/cub3D/cub3D)
==177484==    by 0x4037BB: init_mlx (in /sgoinfre/mhdeeb/Core/cub3D/cub3D/cub3D)
==177484==    by 0x402593: main (in /sgoinfre/mhdeeb/Core/cub3D/cub3D/cub3D)
==177484== 
==177484== 21 bytes in 1 blocks are still reachable in loss record 6 of 62
==177484==    at 0x4848899: malloc (in /usr/libexec/valgrind/vgpreload_memcheck-amd64-linux.so)
==177484==    by 0x48B503E: XOpenDisplay (in /usr/lib/x86_64-linux-gnu/libX11.so.6.4.0)
==177484==    by 0x4061D6: mlx_init (in /sgoinfre/mhdeeb/Core/cub3D/cub3D/cub3D)
==177484==    by 0x4037BB: init_mlx (in /sgoinfre/mhdeeb/Core/cub3D/cub3D/cub3D)
==177484==    by 0x402593: main (in /sgoinfre/mhdeeb/Core/cub3D/cub3D/cub3D)
==177484== 
==177484== 24 bytes in 1 blocks are still reachable in loss record 7 of 62
==177484==    at 0x4848899: malloc (in /usr/libexec/valgrind/vgpreload_memcheck-amd64-linux.so)
==177484==    by 0x4876041: XextCreateExtension (in /usr/lib/x86_64-linux-gnu/libXext.so.6.4.0)
==177484==    by 0x48764CC: ??? (in /usr/lib/x86_64-linux-gnu/libXext.so.6.4.0)
==177484==    by 0x48769C8: XextAddDisplay (in /usr/lib/x86_64-linux-gnu/libXext.so.6.4.0)
==177484==    by 0x487B9E2: XShmQueryVersion (in /usr/lib/x86_64-linux-gnu/libXext.so.6.4.0)
==177484==    by 0x406013: mlx_int_deal_shm (in /sgoinfre/mhdeeb/Core/cub3D/cub3D/cub3D)
==177484==    by 0x406280: mlx_init (in /sgoinfre/mhdeeb/Core/cub3D/cub3D/cub3D)
==177484==    by 0x4037BB: init_mlx (in /sgoinfre/mhdeeb/Core/cub3D/cub3D/cub3D)
==177484==    by 0x402593: main (in /sgoinfre/mhdeeb/Core/cub3D/cub3D/cub3D)
==177484== 
==177484== 24 bytes in 1 blocks are still reachable in loss record 8 of 62
==177484==    at 0x4848899: malloc (in /usr/libexec/valgrind/vgpreload_memcheck-amd64-linux.so)
==177484==    by 0x4B5458E: strdup (strdup.c:42)
==177484==    by 0x48B19AE: XInitExtension (in /usr/lib/x86_64-linux-gnu/libX11.so.6.4.0)
==177484==    by 0x4876820: XextAddDisplay (in /usr/lib/x86_64-linux-gnu/libXext.so.6.4.0)
==177484==    by 0x487650A: ??? (in /usr/lib/x86_64-linux-gnu/libXext.so.6.4.0)
==177484==    by 0x48769C8: XextAddDisplay (in /usr/lib/x86_64-linux-gnu/libXext.so.6.4.0)
==177484==    by 0x487B9E2: XShmQueryVersion (in /usr/lib/x86_64-linux-gnu/libXext.so.6.4.0)
==177484==    by 0x406013: mlx_int_deal_shm (in /sgoinfre/mhdeeb/Core/cub3D/cub3D/cub3D)
==177484==    by 0x406280: mlx_init (in /sgoinfre/mhdeeb/Core/cub3D/cub3D/cub3D)
==177484==    by 0x4037BB: init_mlx (in /sgoinfre/mhdeeb/Core/cub3D/cub3D/cub3D)
==177484==    by 0x402593: main (in /sgoinfre/mhdeeb/Core/cub3D/cub3D/cub3D)
==177484== 
==177484== 24 bytes in 1 blocks are still reachable in loss record 9 of 62
==177484==    at 0x4848899: malloc (in /usr/libexec/valgrind/vgpreload_memcheck-amd64-linux.so)
==177484==    by 0x48769F5: XextAddDisplay (in /usr/lib/x86_64-linux-gnu/libXext.so.6.4.0)
==177484==    by 0x487B9E2: XShmQueryVersion (in /usr/lib/x86_64-linux-gnu/libXext.so.6.4.0)
==177484==    by 0x406013: mlx_int_deal_shm (in /sgoinfre/mhdeeb/Core/cub3D/cub3D/cub3D)
==177484==    by 0x406280: mlx_init (in /sgoinfre/mhdeeb/Core/cub3D/cub3D/cub3D)
==177484==    by 0x4037BB: init_mlx (in /sgoinfre/mhdeeb/Core/cub3D/cub3D/cub3D)
==177484==    by 0x402593: main (in /sgoinfre/mhdeeb/Core/cub3D/cub3D/cub3D)
==177484== 
==177484== 24 bytes in 1 blocks are still reachable in loss record 10 of 62
==177484==    at 0x4848899: malloc (in /usr/libexec/valgrind/vgpreload_memcheck-amd64-linux.so)
==177484==    by 0x48C2A65: ??? (in /usr/lib/x86_64-linux-gnu/libX11.so.6.4.0)
==177484==    by 0x48CB2C6: _XReply (in /usr/lib/x86_64-linux-gnu/libX11.so.6.4.0)
==177484==    by 0x48CB77E: XSync (in /usr/lib/x86_64-linux-gnu/libX11.so.6.4.0)
==177484==    by 0x406530: mlx_loop (in /sgoinfre/mhdeeb/Core/cub3D/cub3D/cub3D)
==177484==    by 0x4027F6: start_game_loop (in /sgoinfre/mhdeeb/Core/cub3D/cub3D/cub3D)
==177484==    by 0x4025AB: main (in /sgoinfre/mhdeeb/Core/cub3D/cub3D/cub3D)
==177484== 
==177484== 29 bytes in 1 blocks are still reachable in loss record 11 of 62
==177484==    at 0x4848899: malloc (in /usr/libexec/valgrind/vgpreload_memcheck-amd64-linux.so)
==177484==    by 0x48AE0CD: _XUpdateAtomCache (in /usr/lib/x86_64-linux-gnu/libX11.so.6.4.0)
==177484==    by 0x48B0929: XInternAtom (in /usr/lib/x86_64-linux-gnu/libX11.so.6.4.0)
==177484==    by 0x406274: mlx_init (in /sgoinfre/mhdeeb/Core/cub3D/cub3D/cub3D)
==177484==    by 0x4037BB: init_mlx (in /sgoinfre/mhdeeb/Core/cub3D/cub3D/cub3D)
==177484==    by 0x402593: main (in /sgoinfre/mhdeeb/Core/cub3D/cub3D/cub3D)
==177484== 
==177484== 32 bytes in 1 blocks are still reachable in loss record 12 of 62
==177484==    at 0x48487A9: malloc (in /usr/libexec/valgrind/vgpreload_memcheck-amd64-linux.so)
==177484==    by 0x4CEA15E: ??? (in /usr/lib/x86_64-linux-gnu/libxcb.so.1.1.0)
==177484==    by 0x4CEA237: xcb_get_extension_data (in /usr/lib/x86_64-linux-gnu/libxcb.so.1.1.0)
==177484==    by 0x4CEA2EE: xcb_prefetch_maximum_request_length (in /usr/lib/x86_64-linux-gnu/libxcb.so.1.1.0)
==177484==    by 0x4CEA364: xcb_get_maximum_request_length (in /usr/lib/x86_64-linux-gnu/libxcb.so.1.1.0)
==177484==    by 0x48B552B: XOpenDisplay (in /usr/lib/x86_64-linux-gnu/libX11.so.6.4.0)
==177484==    by 0x4061D6: mlx_init (in /sgoinfre/mhdeeb/Core/cub3D/cub3D/cub3D)
==177484==    by 0x4037BB: init_mlx (in /sgoinfre/mhdeeb/Core/cub3D/cub3D/cub3D)
==177484==    by 0x402593: main (in /sgoinfre/mhdeeb/Core/cub3D/cub3D/cub3D)
==177484== 
==177484== 32 bytes in 1 blocks are still reachable in loss record 13 of 62
==177484==    at 0x4848899: malloc (in /usr/libexec/valgrind/vgpreload_memcheck-amd64-linux.so)
==177484==    by 0x4CE31B7: ??? (in /usr/lib/x86_64-linux-gnu/libxcb.so.1.1.0)
==177484==    by 0x4CE3A08: ??? (in /usr/lib/x86_64-linux-gnu/libxcb.so.1.1.0)
==177484==    by 0x4CE3EB0: ??? (in /usr/lib/x86_64-linux-gnu/libxcb.so.1.1.0)
==177484==    by 0x4CE4E44: xcb_wait_for_reply (in /usr/lib/x86_64-linux-gnu/libxcb.so.1.1.0)
==177484==    by 0x4CEA292: xcb_get_extension_data (in /usr/lib/x86_64-linux-gnu/libxcb.so.1.1.0)
==177484==    by 0x4CEA2EE: xcb_prefetch_maximum_request_length (in /usr/lib/x86_64-linux-gnu/libxcb.so.1.1.0)
==177484==    by 0x4CEA364: xcb_get_maximum_request_length (in /usr/lib/x86_64-linux-gnu/libxcb.so.1.1.0)
==177484==    by 0x48B552B: XOpenDisplay (in /usr/lib/x86_64-linux-gnu/libX11.so.6.4.0)
==177484==    by 0x4061D6: mlx_init (in /sgoinfre/mhdeeb/Core/cub3D/cub3D/cub3D)
==177484==    by 0x4037BB: init_mlx (in /sgoinfre/mhdeeb/Core/cub3D/cub3D/cub3D)
==177484==    by 0x402593: main (in /sgoinfre/mhdeeb/Core/cub3D/cub3D/cub3D)
==177484== 
==177484== 32 bytes in 1 blocks are still reachable in loss record 14 of 62
==177484==    at 0x4848899: malloc (in /usr/libexec/valgrind/vgpreload_memcheck-amd64-linux.so)
==177484==    by 0x48767FF: XextAddDisplay (in /usr/lib/x86_64-linux-gnu/libXext.so.6.4.0)
==177484==    by 0x487B9E2: XShmQueryVersion (in /usr/lib/x86_64-linux-gnu/libXext.so.6.4.0)
==177484==    by 0x406013: mlx_int_deal_shm (in /sgoinfre/mhdeeb/Core/cub3D/cub3D/cub3D)
==177484==    by 0x406280: mlx_init (in /sgoinfre/mhdeeb/Core/cub3D/cub3D/cub3D)
==177484==    by 0x4037BB: init_mlx (in /sgoinfre/mhdeeb/Core/cub3D/cub3D/cub3D)
==177484==    by 0x402593: main (in /sgoinfre/mhdeeb/Core/cub3D/cub3D/cub3D)
==177484== 
==177484== 32 bytes in 1 blocks are still reachable in loss record 15 of 62
==177484==    at 0x4848899: malloc (in /usr/libexec/valgrind/vgpreload_memcheck-amd64-linux.so)
==177484==    by 0x48767FF: XextAddDisplay (in /usr/lib/x86_64-linux-gnu/libXext.so.6.4.0)
==177484==    by 0x487650A: ??? (in /usr/lib/x86_64-linux-gnu/libXext.so.6.4.0)
==177484==    by 0x48769C8: XextAddDisplay (in /usr/lib/x86_64-linux-gnu/libXext.so.6.4.0)
==177484==    by 0x487B9E2: XShmQueryVersion (in /usr/lib/x86_64-linux-gnu/libXext.so.6.4.0)
==177484==    by 0x406013: mlx_int_deal_shm (in /sgoinfre/mhdeeb/Core/cub3D/cub3D/cub3D)
==177484==    by 0x406280: mlx_init (in /sgoinfre/mhdeeb/Core/cub3D/cub3D/cub3D)
==177484==    by 0x4037BB: init_mlx (in /sgoinfre/mhdeeb/Core/cub3D/cub3D/cub3D)
==177484==    by 0x402593: main (in /sgoinfre/mhdeeb/Core/cub3D/cub3D/cub3D)
==177484== 
==177484== 33 bytes in 1 blocks are still reachable in loss record 16 of 62
==177484==    at 0x4848899: malloc (in /usr/libexec/valgrind/vgpreload_memcheck-amd64-linux.so)
==177484==    by 0x48AE0CD: _XUpdateAtomCache (in /usr/lib/x86_64-linux-gnu/libX11.so.6.4.0)
==177484==    by 0x48B0929: XInternAtom (in /usr/lib/x86_64-linux-gnu/libX11.so.6.4.0)
==177484==    by 0x40625F: mlx_init (in /sgoinfre/mhdeeb/Core/cub3D/cub3D/cub3D)
==177484==    by 0x4037BB: init_mlx (in /sgoinfre/mhdeeb/Core/cub3D/cub3D/cub3D)
==177484==    by 0x402593: main (in /sgoinfre/mhdeeb/Core/cub3D/cub3D/cub3D)
==177484== 
==177484== 40 bytes in 1 blocks are still reachable in loss record 17 of 62
==177484==    at 0x4848899: malloc (in /usr/libexec/valgrind/vgpreload_memcheck-amd64-linux.so)
==177484==    by 0x48C51F1: _XPollfdCacheInit (in /usr/lib/x86_64-linux-gnu/libX11.so.6.4.0)
==177484==    by 0x48B4E71: XOpenDisplay (in /usr/lib/x86_64-linux-gnu/libX11.so.6.4.0)
==177484==    by 0x4061D6: mlx_init (in /sgoinfre/mhdeeb/Core/cub3D/cub3D/cub3D)
==177484==    by 0x4037BB: init_mlx (in /sgoinfre/mhdeeb/Core/cub3D/cub3D/cub3D)
==177484==    by 0x402593: main (in /sgoinfre/mhdeeb/Core/cub3D/cub3D/cub3D)
==177484== 
==177484== 48 bytes in 1 blocks are still reachable in loss record 18 of 62
==177484==    at 0x4848899: malloc (in /usr/libexec/valgrind/vgpreload_memcheck-amd64-linux.so)
==177484==    by 0x48C4E71: _XConnectXCB (in /usr/lib/x86_64-linux-gnu/libX11.so.6.4.0)
==177484==    by 0x48B4B68: XOpenDisplay (in /usr/lib/x86_64-linux-gnu/libX11.so.6.4.0)
==177484==    by 0x4061D6: mlx_init (in /sgoinfre/mhdeeb/Core/cub3D/cub3D/cub3D)
==177484==    by 0x4037BB: init_mlx (in /sgoinfre/mhdeeb/Core/cub3D/cub3D/cub3D)
==177484==    by 0x402593: main (in /sgoinfre/mhdeeb/Core/cub3D/cub3D/cub3D)
==177484== 
==177484== 48 bytes in 1 blocks are still reachable in loss record 19 of 62
==177484==    at 0x4848899: malloc (in /usr/libexec/valgrind/vgpreload_memcheck-amd64-linux.so)
==177484==    by 0x48C4E87: _XConnectXCB (in /usr/lib/x86_64-linux-gnu/libX11.so.6.4.0)
==177484==    by 0x48B4B68: XOpenDisplay (in /usr/lib/x86_64-linux-gnu/libX11.so.6.4.0)
==177484==    by 0x4061D6: mlx_init (in /sgoinfre/mhdeeb/Core/cub3D/cub3D/cub3D)
==177484==    by 0x4037BB: init_mlx (in /sgoinfre/mhdeeb/Core/cub3D/cub3D/cub3D)
==177484==    by 0x402593: main (in /sgoinfre/mhdeeb/Core/cub3D/cub3D/cub3D)
==177484== 
==177484== 48 bytes in 1 blocks are still reachable in loss record 20 of 62
==177484==    at 0x484DA83: calloc (in /usr/libexec/valgrind/vgpreload_memcheck-amd64-linux.so)
==177484==    by 0x49134C0: XkbGetMap (in /usr/lib/x86_64-linux-gnu/libX11.so.6.4.0)
==177484==    by 0x4913542: ??? (in /usr/lib/x86_64-linux-gnu/libX11.so.6.4.0)
==177484==    by 0x49138AF: XkbKeycodeToKeysym (in /usr/lib/x86_64-linux-gnu/libX11.so.6.4.0)
==177484==    by 0x407D57: mlx_int_param_KeyPress (in /sgoinfre/mhdeeb/Core/cub3D/cub3D/cub3D)
==177484==    by 0x406570: mlx_loop (in /sgoinfre/mhdeeb/Core/cub3D/cub3D/cub3D)
==177484==    by 0x4027F6: start_game_loop (in /sgoinfre/mhdeeb/Core/cub3D/cub3D/cub3D)
==177484==    by 0x4025AB: main (in /sgoinfre/mhdeeb/Core/cub3D/cub3D/cub3D)
==177484== 
==177484== 62 bytes in 4 blocks are still reachable in loss record 21 of 62
==177484==    at 0x4848899: malloc (in /usr/libexec/valgrind/vgpreload_memcheck-amd64-linux.so)
==177484==    by 0x4055B1: ft_strdup (in /sgoinfre/mhdeeb/Core/cub3D/cub3D/cub3D)
==177484==    by 0x404A3F: set_texture_path (in /sgoinfre/mhdeeb/Core/cub3D/cub3D/cub3D)
==177484==    by 0x40466A: try_parse_texture (in /sgoinfre/mhdeeb/Core/cub3D/cub3D/cub3D)
==177484==    by 0x40441A: try_parse_header (in /sgoinfre/mhdeeb/Core/cub3D/cub3D/cub3D)
==177484==    by 0x4042D4: process_map_line (in /sgoinfre/mhdeeb/Core/cub3D/cub3D/cub3D)
==177484==    by 0x404158: read_file_lines (in /sgoinfre/mhdeeb/Core/cub3D/cub3D/cub3D)
==177484==    by 0x404041: load_map_file (in /sgoinfre/mhdeeb/Core/cub3D/cub3D/cub3D)
==177484==    by 0x40257B: main (in /sgoinfre/mhdeeb/Core/cub3D/cub3D/cub3D)
==177484== 
==177484== 72 bytes in 1 blocks are still reachable in loss record 22 of 62
==177484==    at 0x484DA83: calloc (in /usr/libexec/valgrind/vgpreload_memcheck-amd64-linux.so)
==177484==    by 0x48B4F20: XOpenDisplay (in /usr/lib/x86_64-linux-gnu/libX11.so.6.4.0)
==177484==    by 0x4061D6: mlx_init (in /sgoinfre/mhdeeb/Core/cub3D/cub3D/cub3D)
==177484==    by 0x4037BB: init_mlx (in /sgoinfre/mhdeeb/Core/cub3D/cub3D/cub3D)
==177484==    by 0x402593: main (in /sgoinfre/mhdeeb/Core/cub3D/cub3D/cub3D)
==177484== 
==177484== 72 bytes in 1 blocks are still reachable in loss record 23 of 62
==177484==    at 0x484DA83: calloc (in /usr/libexec/valgrind/vgpreload_memcheck-amd64-linux.so)
==177484==    by 0x49134A4: XkbGetMap (in /usr/lib/x86_64-linux-gnu/libX11.so.6.4.0)
==177484==    by 0x4913542: ??? (in /usr/lib/x86_64-linux-gnu/libX11.so.6.4.0)
==177484==    by 0x49138AF: XkbKeycodeToKeysym (in /usr/lib/x86_64-linux-gnu/libX11.so.6.4.0)
==177484==    by 0x407D57: mlx_int_param_KeyPress (in /sgoinfre/mhdeeb/Core/cub3D/cub3D/cub3D)
==177484==    by 0x406570: mlx_loop (in /sgoinfre/mhdeeb/Core/cub3D/cub3D/cub3D)
==177484==    by 0x4027F6: start_game_loop (in /sgoinfre/mhdeeb/Core/cub3D/cub3D/cub3D)
==177484==    by 0x4025AB: main (in /sgoinfre/mhdeeb/Core/cub3D/cub3D/cub3D)
==177484== 
==177484== 88 bytes in 1 blocks are still reachable in loss record 24 of 62
==177484==    at 0x484DA83: calloc (in /usr/libexec/valgrind/vgpreload_memcheck-amd64-linux.so)
==177484==    by 0x40683B: mlx_int_new_xshm_image (in /sgoinfre/mhdeeb/Core/cub3D/cub3D/cub3D)
==177484==    by 0x406B70: mlx_new_image (in /sgoinfre/mhdeeb/Core/cub3D/cub3D/cub3D)
==177484==    by 0x403849: init_mlx (in /sgoinfre/mhdeeb/Core/cub3D/cub3D/cub3D)
==177484==    by 0x402593: main (in /sgoinfre/mhdeeb/Core/cub3D/cub3D/cub3D)
==177484== 
==177484== 112 bytes in 1 blocks are still reachable in loss record 25 of 62
==177484==    at 0x4848899: malloc (in /usr/libexec/valgrind/vgpreload_memcheck-amd64-linux.so)
==177484==    by 0x4052A4: ft_calloc (in /sgoinfre/mhdeeb/Core/cub3D/cub3D/cub3D)
==177484==    by 0x403E0F: build_game_map (in /sgoinfre/mhdeeb/Core/cub3D/cub3D/cub3D)
==177484==    by 0x404068: load_map_file (in /sgoinfre/mhdeeb/Core/cub3D/cub3D/cub3D)
==177484==    by 0x40257B: main (in /sgoinfre/mhdeeb/Core/cub3D/cub3D/cub3D)
==177484== 
==177484== 112 bytes in 1 blocks are still reachable in loss record 26 of 62
==177484==    at 0x484DA83: calloc (in /usr/libexec/valgrind/vgpreload_memcheck-amd64-linux.so)
==177484==    by 0x48C4D72: _XConnectXCB (in /usr/lib/x86_64-linux-gnu/libX11.so.6.4.0)
==177484==    by 0x48B4B68: XOpenDisplay (in /usr/lib/x86_64-linux-gnu/libX11.so.6.4.0)
==177484==    by 0x4061D6: mlx_init (in /sgoinfre/mhdeeb/Core/cub3D/cub3D/cub3D)
==177484==    by 0x4037BB: init_mlx (in /sgoinfre/mhdeeb/Core/cub3D/cub3D/cub3D)
==177484==    by 0x402593: main (in /sgoinfre/mhdeeb/Core/cub3D/cub3D/cub3D)
==177484== 
==177484== 112 bytes in 1 blocks are still reachable in loss record 27 of 62
==177484==    at 0x484DA83: calloc (in /usr/libexec/valgrind/vgpreload_memcheck-amd64-linux.so)
==177484==    by 0x48B5200: XOpenDisplay (in /usr/lib/x86_64-linux-gnu/libX11.so.6.4.0)
==177484==    by 0x4061D6: mlx_init (in /sgoinfre/mhdeeb/Core/cub3D/cub3D/cub3D)
==177484==    by 0x4037BB: init_mlx (in /sgoinfre/mhdeeb/Core/cub3D/cub3D/cub3D)
==177484==    by 0x402593: main (in /sgoinfre/mhdeeb/Core/cub3D/cub3D/cub3D)
==177484== 
==177484== 126 bytes in 1 blocks are still reachable in loss record 28 of 62
==177484==    at 0x4848899: malloc (in /usr/libexec/valgrind/vgpreload_memcheck-amd64-linux.so)
==177484==    by 0x48B5710: XOpenDisplay (in /usr/lib/x86_64-linux-gnu/libX11.so.6.4.0)
==177484==    by 0x4061D6: mlx_init (in /sgoinfre/mhdeeb/Core/cub3D/cub3D/cub3D)
==177484==    by 0x4037BB: init_mlx (in /sgoinfre/mhdeeb/Core/cub3D/cub3D/cub3D)
==177484==    by 0x402593: main (in /sgoinfre/mhdeeb/Core/cub3D/cub3D/cub3D)
==177484== 
==177484== 128 bytes in 1 blocks are still reachable in loss record 29 of 62
==177484==    at 0x484DA83: calloc (in /usr/libexec/valgrind/vgpreload_memcheck-amd64-linux.so)
==177484==    by 0x48B512E: XOpenDisplay (in /usr/lib/x86_64-linux-gnu/libX11.so.6.4.0)
==177484==    by 0x4061D6: mlx_init (in /sgoinfre/mhdeeb/Core/cub3D/cub3D/cub3D)
==177484==    by 0x4037BB: init_mlx (in /sgoinfre/mhdeeb/Core/cub3D/cub3D/cub3D)
==177484==    by 0x402593: main (in /sgoinfre/mhdeeb/Core/cub3D/cub3D/cub3D)
==177484== 
==177484== 128 bytes in 1 blocks are still reachable in loss record 30 of 62
==177484==    at 0x484DA83: calloc (in /usr/libexec/valgrind/vgpreload_memcheck-amd64-linux.so)
==177484==    by 0x48B199E: XInitExtension (in /usr/lib/x86_64-linux-gnu/libX11.so.6.4.0)
==177484==    by 0x491B213: XkbUseExtension (in /usr/lib/x86_64-linux-gnu/libX11.so.6.4.0)
==177484==    by 0x48B56A8: XOpenDisplay (in /usr/lib/x86_64-linux-gnu/libX11.so.6.4.0)
==177484==    by 0x4061D6: mlx_init (in /sgoinfre/mhdeeb/Core/cub3D/cub3D/cub3D)
==177484==    by 0x4037BB: init_mlx (in /sgoinfre/mhdeeb/Core/cub3D/cub3D/cub3D)
==177484==    by 0x402593: main (in /sgoinfre/mhdeeb/Core/cub3D/cub3D/cub3D)
==177484== 
==177484== 128 bytes in 1 blocks are still reachable in loss record 31 of 62
==177484==    at 0x484DA83: calloc (in /usr/libexec/valgrind/vgpreload_memcheck-amd64-linux.so)
==177484==    by 0x48B199E: XInitExtension (in /usr/lib/x86_64-linux-gnu/libX11.so.6.4.0)
==177484==    by 0x4876820: XextAddDisplay (in /usr/lib/x86_64-linux-gnu/libXext.so.6.4.0)
==177484==    by 0x487B9E2: XShmQueryVersion (in /usr/lib/x86_64-linux-gnu/libXext.so.6.4.0)
==177484==    by 0x406013: mlx_int_deal_shm (in /sgoinfre/mhdeeb/Core/cub3D/cub3D/cub3D)
==177484==    by 0x406280: mlx_init (in /sgoinfre/mhdeeb/Core/cub3D/cub3D/cub3D)
==177484==    by 0x4037BB: init_mlx (in /sgoinfre/mhdeeb/Core/cub3D/cub3D/cub3D)
==177484==    by 0x402593: main (in /sgoinfre/mhdeeb/Core/cub3D/cub3D/cub3D)
==177484== 
==177484== 128 bytes in 1 blocks are still reachable in loss record 32 of 62
==177484==    at 0x484DA83: calloc (in /usr/libexec/valgrind/vgpreload_memcheck-amd64-linux.so)
==177484==    by 0x48B199E: XInitExtension (in /usr/lib/x86_64-linux-gnu/libX11.so.6.4.0)
==177484==    by 0x4876820: XextAddDisplay (in /usr/lib/x86_64-linux-gnu/libXext.so.6.4.0)
==177484==    by 0x487650A: ??? (in /usr/lib/x86_64-linux-gnu/libXext.so.6.4.0)
==177484==    by 0x48769C8: XextAddDisplay (in /usr/lib/x86_64-linux-gnu/libXext.so.6.4.0)
==177484==    by 0x487B9E2: XShmQueryVersion (in /usr/lib/x86_64-linux-gnu/libXext.so.6.4.0)
==177484==    by 0x406013: mlx_int_deal_shm (in /sgoinfre/mhdeeb/Core/cub3D/cub3D/cub3D)
==177484==    by 0x406280: mlx_init (in /sgoinfre/mhdeeb/Core/cub3D/cub3D/cub3D)
==177484==    by 0x4037BB: init_mlx (in /sgoinfre/mhdeeb/Core/cub3D/cub3D/cub3D)
==177484==    by 0x402593: main (in /sgoinfre/mhdeeb/Core/cub3D/cub3D/cub3D)
==177484== 
==177484== 136 bytes in 1 blocks are still reachable in loss record 33 of 62
==177484==    at 0x4848899: malloc (in /usr/libexec/valgrind/vgpreload_memcheck-amd64-linux.so)
==177484==    by 0x4061BE: mlx_init (in /sgoinfre/mhdeeb/Core/cub3D/cub3D/cub3D)
==177484==    by 0x4037BB: init_mlx (in /sgoinfre/mhdeeb/Core/cub3D/cub3D/cub3D)
==177484==    by 0x402593: main (in /sgoinfre/mhdeeb/Core/cub3D/cub3D/cub3D)
==177484== 
==177484== 136 bytes in 1 blocks are still reachable in loss record 34 of 62
==177484==    at 0x484DA83: calloc (in /usr/libexec/valgrind/vgpreload_memcheck-amd64-linux.so)
==177484==    by 0x48750C3: XShmCreateImage (in /usr/lib/x86_64-linux-gnu/libXext.so.6.4.0)
==177484==    by 0x40686B: mlx_int_new_xshm_image (in /sgoinfre/mhdeeb/Core/cub3D/cub3D/cub3D)
==177484==    by 0x406B70: mlx_new_image (in /sgoinfre/mhdeeb/Core/cub3D/cub3D/cub3D)
==177484==    by 0x403849: init_mlx (in /sgoinfre/mhdeeb/Core/cub3D/cub3D/cub3D)
==177484==    by 0x402593: main (in /sgoinfre/mhdeeb/Core/cub3D/cub3D/cub3D)
==177484== 
==177484== 152 bytes in 1 blocks are still reachable in loss record 35 of 62
==177484==    at 0x484DA83: calloc (in /usr/libexec/valgrind/vgpreload_memcheck-amd64-linux.so)
==177484==    by 0x491B40E: XkbUseExtension (in /usr/lib/x86_64-linux-gnu/libX11.so.6.4.0)
==177484==    by 0x48B56A8: XOpenDisplay (in /usr/lib/x86_64-linux-gnu/libX11.so.6.4.0)
==177484==    by 0x4061D6: mlx_init (in /sgoinfre/mhdeeb/Core/cub3D/cub3D/cub3D)
==177484==    by 0x4037BB: init_mlx (in /sgoinfre/mhdeeb/Core/cub3D/cub3D/cub3D)
==177484==    by 0x402593: main (in /sgoinfre/mhdeeb/Core/cub3D/cub3D/cub3D)
==177484== 
==177484== 160 bytes in 1 blocks are still reachable in loss record 36 of 62
==177484==    at 0x4848899: malloc (in /usr/libexec/valgrind/vgpreload_memcheck-amd64-linux.so)
==177484==    by 0x48A39EF: XCreateGC (in /usr/lib/x86_64-linux-gnu/libX11.so.6.4.0)
==177484==    by 0x48B55A4: XOpenDisplay (in /usr/lib/x86_64-linux-gnu/libX11.so.6.4.0)
==177484==    by 0x4061D6: mlx_init (in /sgoinfre/mhdeeb/Core/cub3D/cub3D/cub3D)
==177484==    by 0x4037BB: init_mlx (in /sgoinfre/mhdeeb/Core/cub3D/cub3D/cub3D)
==177484==    by 0x402593: main (in /sgoinfre/mhdeeb/Core/cub3D/cub3D/cub3D)
==177484== 
==177484== 160 bytes in 1 blocks are still reachable in loss record 37 of 62
==177484==    at 0x4848899: malloc (in /usr/libexec/valgrind/vgpreload_memcheck-amd64-linux.so)
==177484==    by 0x48A39EF: XCreateGC (in /usr/lib/x86_64-linux-gnu/libX11.so.6.4.0)
==177484==    by 0x4063E7: mlx_new_window (in /sgoinfre/mhdeeb/Core/cub3D/cub3D/cub3D)
==177484==    by 0x403806: init_mlx (in /sgoinfre/mhdeeb/Core/cub3D/cub3D/cub3D)
==177484==    by 0x402593: main (in /sgoinfre/mhdeeb/Core/cub3D/cub3D/cub3D)
==177484== 
==177484== 168 bytes in 1 blocks are still reachable in loss record 38 of 62
==177484==    at 0x484DA83: calloc (in /usr/libexec/valgrind/vgpreload_memcheck-amd64-linux.so)
==177484==    by 0x48B50B2: XOpenDisplay (in /usr/lib/x86_64-linux-gnu/libX11.so.6.4.0)
==177484==    by 0x4061D6: mlx_init (in /sgoinfre/mhdeeb/Core/cub3D/cub3D/cub3D)
==177484==    by 0x4037BB: init_mlx (in /sgoinfre/mhdeeb/Core/cub3D/cub3D/cub3D)
==177484==    by 0x402593: main (in /sgoinfre/mhdeeb/Core/cub3D/cub3D/cub3D)
==177484== 
==177484== 208 bytes in 1 blocks are still reachable in loss record 39 of 62
==177484==    at 0x4848899: malloc (in /usr/libexec/valgrind/vgpreload_memcheck-amd64-linux.so)
==177484==    by 0x4874AE9: ??? (in /usr/lib/x86_64-linux-gnu/libXext.so.6.4.0)
==177484==    by 0x48769DF: XextAddDisplay (in /usr/lib/x86_64-linux-gnu/libXext.so.6.4.0)
==177484==    by 0x487B9E2: XShmQueryVersion (in /usr/lib/x86_64-linux-gnu/libXext.so.6.4.0)
==177484==    by 0x406013: mlx_int_deal_shm (in /sgoinfre/mhdeeb/Core/cub3D/cub3D/cub3D)
==177484==    by 0x406280: mlx_init (in /sgoinfre/mhdeeb/Core/cub3D/cub3D/cub3D)
==177484==    by 0x4037BB: init_mlx (in /sgoinfre/mhdeeb/Core/cub3D/cub3D/cub3D)
==177484==    by 0x402593: main (in /sgoinfre/mhdeeb/Core/cub3D/cub3D/cub3D)
==177484== 
==177484== 208 bytes in 1 blocks are still reachable in loss record 40 of 62
==177484==    at 0x4848899: malloc (in /usr/libexec/valgrind/vgpreload_memcheck-amd64-linux.so)
==177484==    by 0x48C6FAE: _XEnq (in /usr/lib/x86_64-linux-gnu/libX11.so.6.4.0)
==177484==    by 0x48C9BB6: ??? (in /usr/lib/x86_64-linux-gnu/libX11.so.6.4.0)
==177484==    by 0x48CAEC0: _XReadEvents (in /usr/lib/x86_64-linux-gnu/libX11.so.6.4.0)
==177484==    by 0x48CB205: XWindowEvent (in /usr/lib/x86_64-linux-gnu/libX11.so.6.4.0)
==177484==    by 0x4066E5: mlx_int_wait_first_expose (in /sgoinfre/mhdeeb/Core/cub3D/cub3D/cub3D)
==177484==    by 0x406421: mlx_new_window (in /sgoinfre/mhdeeb/Core/cub3D/cub3D/cub3D)
==177484==    by 0x403806: init_mlx (in /sgoinfre/mhdeeb/Core/cub3D/cub3D/cub3D)
==177484==    by 0x402593: main (in /sgoinfre/mhdeeb/Core/cub3D/cub3D/cub3D)
==177484== 
==177484== 208 bytes in 1 blocks are still reachable in loss record 41 of 62
==177484==    at 0x4848899: malloc (in /usr/libexec/valgrind/vgpreload_memcheck-amd64-linux.so)
==177484==    by 0x48C6FAE: _XEnq (in /usr/lib/x86_64-linux-gnu/libX11.so.6.4.0)
==177484==    by 0x48C9BB6: ??? (in /usr/lib/x86_64-linux-gnu/libX11.so.6.4.0)
==177484==    by 0x48CAEC0: _XReadEvents (in /usr/lib/x86_64-linux-gnu/libX11.so.6.4.0)
==177484==    by 0x48CB1D0: XWindowEvent (in /usr/lib/x86_64-linux-gnu/libX11.so.6.4.0)
==177484==    by 0x4066E5: mlx_int_wait_first_expose (in /sgoinfre/mhdeeb/Core/cub3D/cub3D/cub3D)
==177484==    by 0x406421: mlx_new_window (in /sgoinfre/mhdeeb/Core/cub3D/cub3D/cub3D)
==177484==    by 0x403806: init_mlx (in /sgoinfre/mhdeeb/Core/cub3D/cub3D/cub3D)
==177484==    by 0x402593: main (in /sgoinfre/mhdeeb/Core/cub3D/cub3D/cub3D)
==177484== 
==177484== 208 bytes in 1 blocks are still reachable in loss record 42 of 62
==177484==    at 0x4848899: malloc (in /usr/libexec/valgrind/vgpreload_memcheck-amd64-linux.so)
==177484==    by 0x48C6FAE: _XEnq (in /usr/lib/x86_64-linux-gnu/libX11.so.6.4.0)
==177484==    by 0x48C9BB6: ??? (in /usr/lib/x86_64-linux-gnu/libX11.so.6.4.0)
==177484==    by 0x48CB40C: _XReply (in /usr/lib/x86_64-linux-gnu/libX11.so.6.4.0)
==177484==    by 0x48CB77E: XSync (in /usr/lib/x86_64-linux-gnu/libX11.so.6.4.0)
==177484==    by 0x406928: mlx_int_new_xshm_image (in /sgoinfre/mhdeeb/Core/cub3D/cub3D/cub3D)
==177484==    by 0x406B70: mlx_new_image (in /sgoinfre/mhdeeb/Core/cub3D/cub3D/cub3D)
==177484==    by 0x407447: mlx_int_parse_xpm (in /sgoinfre/mhdeeb/Core/cub3D/cub3D/cub3D)
==177484==    by 0x407863: mlx_xpm_file_to_image (in /sgoinfre/mhdeeb/Core/cub3D/cub3D/cub3D)
==177484==    by 0x403A73: load_single_texture (in /sgoinfre/mhdeeb/Core/cub3D/cub3D/cub3D)
==177484==    by 0x403A08: load_textures (in /sgoinfre/mhdeeb/Core/cub3D/cub3D/cub3D)
==177484==    by 0x40259F: main (in /sgoinfre/mhdeeb/Core/cub3D/cub3D/cub3D)
==177484== 
==177484== 256 bytes in 1 blocks are still reachable in loss record 43 of 62
==177484==    at 0x484DA83: calloc (in /usr/libexec/valgrind/vgpreload_memcheck-amd64-linux.so)
==177484==    by 0x491855D: XkbAllocClientMap (in /usr/lib/x86_64-linux-gnu/libX11.so.6.4.0)
==177484==    by 0x49130DE: _XkbReadGetMapReply (in /usr/lib/x86_64-linux-gnu/libX11.so.6.4.0)
==177484==    by 0x491341E: XkbGetUpdatedMap (in /usr/lib/x86_64-linux-gnu/libX11.so.6.4.0)
==177484==    by 0x49134F4: XkbGetMap (in /usr/lib/x86_64-linux-gnu/libX11.so.6.4.0)
==177484==    by 0x4913542: ??? (in /usr/lib/x86_64-linux-gnu/libX11.so.6.4.0)
==177484==    by 0x49138AF: XkbKeycodeToKeysym (in /usr/lib/x86_64-linux-gnu/libX11.so.6.4.0)
==177484==    by 0x407D57: mlx_int_param_KeyPress (in /sgoinfre/mhdeeb/Core/cub3D/cub3D/cub3D)
==177484==    by 0x406570: mlx_loop (in /sgoinfre/mhdeeb/Core/cub3D/cub3D/cub3D)
==177484==    by 0x4027F6: start_game_loop (in /sgoinfre/mhdeeb/Core/cub3D/cub3D/cub3D)
==177484==    by 0x4025AB: main (in /sgoinfre/mhdeeb/Core/cub3D/cub3D/cub3D)
==177484== 
==177484== 344 bytes in 6 blocks are still reachable in loss record 44 of 62
==177484==    at 0x484DA83: calloc (in /usr/libexec/valgrind/vgpreload_memcheck-amd64-linux.so)
==177484==    by 0x49128F5: _XkbReadGetMapReply (in /usr/lib/x86_64-linux-gnu/libX11.so.6.4.0)
==177484==    by 0x491341E: XkbGetUpdatedMap (in /usr/lib/x86_64-linux-gnu/libX11.so.6.4.0)
==177484==    by 0x49134F4: XkbGetMap (in /usr/lib/x86_64-linux-gnu/libX11.so.6.4.0)
==177484==    by 0x4913542: ??? (in /usr/lib/x86_64-linux-gnu/libX11.so.6.4.0)
==177484==    by 0x49138AF: XkbKeycodeToKeysym (in /usr/lib/x86_64-linux-gnu/libX11.so.6.4.0)
==177484==    by 0x407D57: mlx_int_param_KeyPress (in /sgoinfre/mhdeeb/Core/cub3D/cub3D/cub3D)
==177484==    by 0x406570: mlx_loop (in /sgoinfre/mhdeeb/Core/cub3D/cub3D/cub3D)
==177484==    by 0x4027F6: start_game_loop (in /sgoinfre/mhdeeb/Core/cub3D/cub3D/cub3D)
==177484==    by 0x4025AB: main (in /sgoinfre/mhdeeb/Core/cub3D/cub3D/cub3D)
==177484== 
==177484== 352 bytes in 4 blocks are still reachable in loss record 45 of 62
==177484==    at 0x484DA83: calloc (in /usr/libexec/valgrind/vgpreload_memcheck-amd64-linux.so)
==177484==    by 0x40683B: mlx_int_new_xshm_image (in /sgoinfre/mhdeeb/Core/cub3D/cub3D/cub3D)
==177484==    by 0x406B70: mlx_new_image (in /sgoinfre/mhdeeb/Core/cub3D/cub3D/cub3D)
==177484==    by 0x407447: mlx_int_parse_xpm (in /sgoinfre/mhdeeb/Core/cub3D/cub3D/cub3D)
==177484==    by 0x407863: mlx_xpm_file_to_image (in /sgoinfre/mhdeeb/Core/cub3D/cub3D/cub3D)
==177484==    by 0x403A73: load_single_texture (in /sgoinfre/mhdeeb/Core/cub3D/cub3D/cub3D)
==177484==    by 0x403A08: load_textures (in /sgoinfre/mhdeeb/Core/cub3D/cub3D/cub3D)
==177484==    by 0x40259F: main (in /sgoinfre/mhdeeb/Core/cub3D/cub3D/cub3D)
==177484== 
==177484== 476 bytes in 14 blocks are still reachable in loss record 46 of 62
==177484==    at 0x4848899: malloc (in /usr/libexec/valgrind/vgpreload_memcheck-amd64-linux.so)
==177484==    by 0x4052A4: ft_calloc (in /sgoinfre/mhdeeb/Core/cub3D/cub3D/cub3D)
==177484==    by 0x403F7D: pad_map_row (in /sgoinfre/mhdeeb/Core/cub3D/cub3D/cub3D)
==177484==    by 0x403E6B: build_game_map (in /sgoinfre/mhdeeb/Core/cub3D/cub3D/cub3D)
==177484==    by 0x404068: load_map_file (in /sgoinfre/mhdeeb/Core/cub3D/cub3D/cub3D)
==177484==    by 0x40257B: main (in /sgoinfre/mhdeeb/Core/cub3D/cub3D/cub3D)
==177484== 
==177484== 512 bytes in 1 blocks are still reachable in loss record 47 of 62
==177484==    at 0x484DA83: calloc (in /usr/libexec/valgrind/vgpreload_memcheck-amd64-linux.so)
==177484==    by 0x48B046A: ??? (in /usr/lib/x86_64-linux-gnu/libX11.so.6.4.0)
==177484==    by 0x48B084E: XInternAtom (in /usr/lib/x86_64-linux-gnu/libX11.so.6.4.0)
==177484==    by 0x40625F: mlx_init (in /sgoinfre/mhdeeb/Core/cub3D/cub3D/cub3D)
==177484==    by 0x4037BB: init_mlx (in /sgoinfre/mhdeeb/Core/cub3D/cub3D/cub3D)
==177484==    by 0x402593: main (in /sgoinfre/mhdeeb/Core/cub3D/cub3D/cub3D)
==177484== 
==177484== 544 bytes in 4 blocks are still reachable in loss record 48 of 62
==177484==    at 0x484DA83: calloc (in /usr/libexec/valgrind/vgpreload_memcheck-amd64-linux.so)
==177484==    by 0x48750C3: XShmCreateImage (in /usr/lib/x86_64-linux-gnu/libXext.so.6.4.0)
==177484==    by 0x40686B: mlx_int_new_xshm_image (in /sgoinfre/mhdeeb/Core/cub3D/cub3D/cub3D)
==177484==    by 0x406B70: mlx_new_image (in /sgoinfre/mhdeeb/Core/cub3D/cub3D/cub3D)
==177484==    by 0x407447: mlx_int_parse_xpm (in /sgoinfre/mhdeeb/Core/cub3D/cub3D/cub3D)
==177484==    by 0x407863: mlx_xpm_file_to_image (in /sgoinfre/mhdeeb/Core/cub3D/cub3D/cub3D)
==177484==    by 0x403A73: load_single_texture (in /sgoinfre/mhdeeb/Core/cub3D/cub3D/cub3D)
==177484==    by 0x403A08: load_textures (in /sgoinfre/mhdeeb/Core/cub3D/cub3D/cub3D)
==177484==    by 0x40259F: main (in /sgoinfre/mhdeeb/Core/cub3D/cub3D/cub3D)
==177484== 
==177484== 832 bytes in 4 blocks are still reachable in loss record 49 of 62
==177484==    at 0x4848899: malloc (in /usr/libexec/valgrind/vgpreload_memcheck-amd64-linux.so)
==177484==    by 0x48C6FAE: _XEnq (in /usr/lib/x86_64-linux-gnu/libX11.so.6.4.0)
==177484==    by 0x48C9BB6: ??? (in /usr/lib/x86_64-linux-gnu/libX11.so.6.4.0)
==177484==    by 0x48CB40C: _XReply (in /usr/lib/x86_64-linux-gnu/libX11.so.6.4.0)
==177484==    by 0x48CB77E: XSync (in /usr/lib/x86_64-linux-gnu/libX11.so.6.4.0)
==177484==    by 0x406928: mlx_int_new_xshm_image (in /sgoinfre/mhdeeb/Core/cub3D/cub3D/cub3D)
==177484==    by 0x406B70: mlx_new_image (in /sgoinfre/mhdeeb/Core/cub3D/cub3D/cub3D)
==177484==    by 0x403849: init_mlx (in /sgoinfre/mhdeeb/Core/cub3D/cub3D/cub3D)
==177484==    by 0x402593: main (in /sgoinfre/mhdeeb/Core/cub3D/cub3D/cub3D)
==177484== 
==177484== 936 bytes in 1 blocks are still reachable in loss record 50 of 62
==177484==    at 0x4848899: malloc (in /usr/libexec/valgrind/vgpreload_memcheck-amd64-linux.so)
==177484==    by 0x40634F: mlx_new_window (in /sgoinfre/mhdeeb/Core/cub3D/cub3D/cub3D)
==177484==    by 0x403806: init_mlx (in /sgoinfre/mhdeeb/Core/cub3D/cub3D/cub3D)
==177484==    by 0x402593: main (in /sgoinfre/mhdeeb/Core/cub3D/cub3D/cub3D)
==177484== 
==177484== 1,120 bytes in 1 blocks are still reachable in loss record 51 of 62
==177484==    at 0x484DA83: calloc (in /usr/libexec/valgrind/vgpreload_memcheck-amd64-linux.so)
==177484==    by 0x4918619: XkbAllocClientMap (in /usr/lib/x86_64-linux-gnu/libX11.so.6.4.0)
==177484==    by 0x4912EB7: _XkbReadGetMapReply (in /usr/lib/x86_64-linux-gnu/libX11.so.6.4.0)
==177484==    by 0x491341E: XkbGetUpdatedMap (in /usr/lib/x86_64-linux-gnu/libX11.so.6.4.0)
==177484==    by 0x49134F4: XkbGetMap (in /usr/lib/x86_64-linux-gnu/libX11.so.6.4.0)
==177484==    by 0x4913542: ??? (in /usr/lib/x86_64-linux-gnu/libX11.so.6.4.0)
==177484==    by 0x49138AF: XkbKeycodeToKeysym (in /usr/lib/x86_64-linux-gnu/libX11.so.6.4.0)
==177484==    by 0x407D57: mlx_int_param_KeyPress (in /sgoinfre/mhdeeb/Core/cub3D/cub3D/cub3D)
==177484==    by 0x406570: mlx_loop (in /sgoinfre/mhdeeb/Core/cub3D/cub3D/cub3D)
==177484==    by 0x4027F6: start_game_loop (in /sgoinfre/mhdeeb/Core/cub3D/cub3D/cub3D)
==177484==    by 0x4025AB: main (in /sgoinfre/mhdeeb/Core/cub3D/cub3D/cub3D)
==177484== 
==177484== 1,456 bytes in 7 blocks are still reachable in loss record 52 of 62
==177484==    at 0x4848899: malloc (in /usr/libexec/valgrind/vgpreload_memcheck-amd64-linux.so)
==177484==    by 0x48C6FAE: _XEnq (in /usr/lib/x86_64-linux-gnu/libX11.so.6.4.0)
==177484==    by 0x48C9BB6: ??? (in /usr/lib/x86_64-linux-gnu/libX11.so.6.4.0)
==177484==    by 0x48CAF01: _XReadEvents (in /usr/lib/x86_64-linux-gnu/libX11.so.6.4.0)
==177484==    by 0x48CB1D0: XWindowEvent (in /usr/lib/x86_64-linux-gnu/libX11.so.6.4.0)
==177484==    by 0x4066E5: mlx_int_wait_first_expose (in /sgoinfre/mhdeeb/Core/cub3D/cub3D/cub3D)
==177484==    by 0x406421: mlx_new_window (in /sgoinfre/mhdeeb/Core/cub3D/cub3D/cub3D)
==177484==    by 0x403806: init_mlx (in /sgoinfre/mhdeeb/Core/cub3D/cub3D/cub3D)
==177484==    by 0x402593: main (in /sgoinfre/mhdeeb/Core/cub3D/cub3D/cub3D)
==177484== 
==177484== 1,872 bytes in 9 blocks are still reachable in loss record 53 of 62
==177484==    at 0x4848899: malloc (in /usr/libexec/valgrind/vgpreload_memcheck-amd64-linux.so)
==177484==    by 0x48C6FAE: _XEnq (in /usr/lib/x86_64-linux-gnu/libX11.so.6.4.0)
==177484==    by 0x48C9BB6: ??? (in /usr/lib/x86_64-linux-gnu/libX11.so.6.4.0)
==177484==    by 0x48C9C69: _XEventsQueued (in /usr/lib/x86_64-linux-gnu/libX11.so.6.4.0)
==177484==    by 0x48A487D: XFlush (in /usr/lib/x86_64-linux-gnu/libX11.so.6.4.0)
==177484==    by 0x403375: render_frame (in /sgoinfre/mhdeeb/Core/cub3D/cub3D/cub3D)
==177484==    by 0x4027EA: start_game_loop (in /sgoinfre/mhdeeb/Core/cub3D/cub3D/cub3D)
==177484==    by 0x4025AB: main (in /sgoinfre/mhdeeb/Core/cub3D/cub3D/cub3D)
==177484== 
==177484== 2,016 bytes in 27 blocks are still reachable in loss record 54 of 62
==177484==    at 0x484DA83: calloc (in /usr/libexec/valgrind/vgpreload_memcheck-amd64-linux.so)
==177484==    by 0x49127DD: _XkbReadGetMapReply (in /usr/lib/x86_64-linux-gnu/libX11.so.6.4.0)
==177484==    by 0x491341E: XkbGetUpdatedMap (in /usr/lib/x86_64-linux-gnu/libX11.so.6.4.0)
==177484==    by 0x49134F4: XkbGetMap (in /usr/lib/x86_64-linux-gnu/libX11.so.6.4.0)
==177484==    by 0x4913542: ??? (in /usr/lib/x86_64-linux-gnu/libX11.so.6.4.0)
==177484==    by 0x49138AF: XkbKeycodeToKeysym (in /usr/lib/x86_64-linux-gnu/libX11.so.6.4.0)
==177484==    by 0x407D57: mlx_int_param_KeyPress (in /sgoinfre/mhdeeb/Core/cub3D/cub3D/cub3D)
==177484==    by 0x406570: mlx_loop (in /sgoinfre/mhdeeb/Core/cub3D/cub3D/cub3D)
==177484==    by 0x4027F6: start_game_loop (in /sgoinfre/mhdeeb/Core/cub3D/cub3D/cub3D)
==177484==    by 0x4025AB: main (in /sgoinfre/mhdeeb/Core/cub3D/cub3D/cub3D)
==177484== 
==177484== 2,048 bytes in 1 blocks are still reachable in loss record 55 of 62
==177484==    at 0x484DA83: calloc (in /usr/libexec/valgrind/vgpreload_memcheck-amd64-linux.so)
==177484==    by 0x4912914: _XkbReadGetMapReply (in /usr/lib/x86_64-linux-gnu/libX11.so.6.4.0)
==177484==    by 0x491341E: XkbGetUpdatedMap (in /usr/lib/x86_64-linux-gnu/libX11.so.6.4.0)
==177484==    by 0x49134F4: XkbGetMap (in /usr/lib/x86_64-linux-gnu/libX11.so.6.4.0)
==177484==    by 0x4913542: ??? (in /usr/lib/x86_64-linux-gnu/libX11.so.6.4.0)
==177484==    by 0x49138AF: XkbKeycodeToKeysym (in /usr/lib/x86_64-linux-gnu/libX11.so.6.4.0)
==177484==    by 0x407D57: mlx_int_param_KeyPress (in /sgoinfre/mhdeeb/Core/cub3D/cub3D/cub3D)
==177484==    by 0x406570: mlx_loop (in /sgoinfre/mhdeeb/Core/cub3D/cub3D/cub3D)
==177484==    by 0x4027F6: start_game_loop (in /sgoinfre/mhdeeb/Core/cub3D/cub3D/cub3D)
==177484==    by 0x4025AB: main (in /sgoinfre/mhdeeb/Core/cub3D/cub3D/cub3D)
==177484== 
==177484== 2,704 bytes in 13 blocks are still reachable in loss record 56 of 62
==177484==    at 0x4848899: malloc (in /usr/libexec/valgrind/vgpreload_memcheck-amd64-linux.so)
==177484==    by 0x48C6FAE: _XEnq (in /usr/lib/x86_64-linux-gnu/libX11.so.6.4.0)
==177484==    by 0x48C9BB6: ??? (in /usr/lib/x86_64-linux-gnu/libX11.so.6.4.0)
==177484==    by 0x48CAF01: _XReadEvents (in /usr/lib/x86_64-linux-gnu/libX11.so.6.4.0)
==177484==    by 0x48CB205: XWindowEvent (in /usr/lib/x86_64-linux-gnu/libX11.so.6.4.0)
==177484==    by 0x4066E5: mlx_int_wait_first_expose (in /sgoinfre/mhdeeb/Core/cub3D/cub3D/cub3D)
==177484==    by 0x406421: mlx_new_window (in /sgoinfre/mhdeeb/Core/cub3D/cub3D/cub3D)
==177484==    by 0x403806: init_mlx (in /sgoinfre/mhdeeb/Core/cub3D/cub3D/cub3D)
==177484==    by 0x402593: main (in /sgoinfre/mhdeeb/Core/cub3D/cub3D/cub3D)
==177484== 
==177484== 4,096 bytes in 1 blocks are still reachable in loss record 57 of 62
==177484==    at 0x484DA83: calloc (in /usr/libexec/valgrind/vgpreload_memcheck-amd64-linux.so)
==177484==    by 0x491313E: _XkbReadGetMapReply (in /usr/lib/x86_64-linux-gnu/libX11.so.6.4.0)
==177484==    by 0x491341E: XkbGetUpdatedMap (in /usr/lib/x86_64-linux-gnu/libX11.so.6.4.0)
==177484==    by 0x49134F4: XkbGetMap (in /usr/lib/x86_64-linux-gnu/libX11.so.6.4.0)
==177484==    by 0x4913542: ??? (in /usr/lib/x86_64-linux-gnu/libX11.so.6.4.0)
==177484==    by 0x49138AF: XkbKeycodeToKeysym (in /usr/lib/x86_64-linux-gnu/libX11.so.6.4.0)
==177484==    by 0x407D57: mlx_int_param_KeyPress (in /sgoinfre/mhdeeb/Core/cub3D/cub3D/cub3D)
==177484==    by 0x406570: mlx_loop (in /sgoinfre/mhdeeb/Core/cub3D/cub3D/cub3D)
==177484==    by 0x4027F6: start_game_loop (in /sgoinfre/mhdeeb/Core/cub3D/cub3D/cub3D)
==177484==    by 0x4025AB: main (in /sgoinfre/mhdeeb/Core/cub3D/cub3D/cub3D)
==177484== 
==177484== 4,704 bytes in 1 blocks are still reachable in loss record 58 of 62
==177484==    at 0x484DA83: calloc (in /usr/libexec/valgrind/vgpreload_memcheck-amd64-linux.so)
==177484==    by 0x48B4B31: XOpenDisplay (in /usr/lib/x86_64-linux-gnu/libX11.so.6.4.0)
==177484==    by 0x4061D6: mlx_init (in /sgoinfre/mhdeeb/Core/cub3D/cub3D/cub3D)
==177484==    by 0x4037BB: init_mlx (in /sgoinfre/mhdeeb/Core/cub3D/cub3D/cub3D)
==177484==    by 0x402593: main (in /sgoinfre/mhdeeb/Core/cub3D/cub3D/cub3D)
==177484== 
==177484== 14,612 bytes in 1 blocks are still reachable in loss record 59 of 62
==177484==    at 0x484DCD3: realloc (in /usr/libexec/valgrind/vgpreload_memcheck-amd64-linux.so)
==177484==    by 0x4CE64FB: xcb_connect_to_fd (in /usr/lib/x86_64-linux-gnu/libxcb.so.1.1.0)
==177484==    by 0x4CE6E6B: xcb_connect_to_display_with_auth_info (in /usr/lib/x86_64-linux-gnu/libxcb.so.1.1.0)
==177484==    by 0x48C4EE9: _XConnectXCB (in /usr/lib/x86_64-linux-gnu/libX11.so.6.4.0)
==177484==    by 0x48B4B68: XOpenDisplay (in /usr/lib/x86_64-linux-gnu/libX11.so.6.4.0)
==177484==    by 0x4061D6: mlx_init (in /sgoinfre/mhdeeb/Core/cub3D/cub3D/cub3D)
==177484==    by 0x4037BB: init_mlx (in /sgoinfre/mhdeeb/Core/cub3D/cub3D/cub3D)
==177484==    by 0x402593: main (in /sgoinfre/mhdeeb/Core/cub3D/cub3D/cub3D)
==177484== 
==177484== 16,384 bytes in 1 blocks are still reachable in loss record 60 of 62
==177484==    at 0x484DA83: calloc (in /usr/libexec/valgrind/vgpreload_memcheck-amd64-linux.so)
==177484==    by 0x48B4EBE: XOpenDisplay (in /usr/lib/x86_64-linux-gnu/libX11.so.6.4.0)
==177484==    by 0x4061D6: mlx_init (in /sgoinfre/mhdeeb/Core/cub3D/cub3D/cub3D)
==177484==    by 0x4037BB: init_mlx (in /sgoinfre/mhdeeb/Core/cub3D/cub3D/cub3D)
==177484==    by 0x402593: main (in /sgoinfre/mhdeeb/Core/cub3D/cub3D/cub3D)
==177484== 
==177484== 21,168 bytes in 1 blocks are still reachable in loss record 61 of 62
==177484==    at 0x484DA83: calloc (in /usr/libexec/valgrind/vgpreload_memcheck-amd64-linux.so)
==177484==    by 0x4CE6204: xcb_connect_to_fd (in /usr/lib/x86_64-linux-gnu/libxcb.so.1.1.0)
==177484==    by 0x4CE6E6B: xcb_connect_to_display_with_auth_info (in /usr/lib/x86_64-linux-gnu/libxcb.so.1.1.0)
==177484==    by 0x48C4EE9: _XConnectXCB (in /usr/lib/x86_64-linux-gnu/libX11.so.6.4.0)
==177484==    by 0x48B4B68: XOpenDisplay (in /usr/lib/x86_64-linux-gnu/libX11.so.6.4.0)
==177484==    by 0x4061D6: mlx_init (in /sgoinfre/mhdeeb/Core/cub3D/cub3D/cub3D)
==177484==    by 0x4037BB: init_mlx (in /sgoinfre/mhdeeb/Core/cub3D/cub3D/cub3D)
==177484==    by 0x402593: main (in /sgoinfre/mhdeeb/Core/cub3D/cub3D/cub3D)
==177484== 
==177484== 33,600 bytes in 2 blocks are still reachable in loss record 62 of 62
==177484==    at 0x484DA83: calloc (in /usr/libexec/valgrind/vgpreload_memcheck-amd64-linux.so)
==177484==    by 0x48B5290: XOpenDisplay (in /usr/lib/x86_64-linux-gnu/libX11.so.6.4.0)
==177484==    by 0x4061D6: mlx_init (in /sgoinfre/mhdeeb/Core/cub3D/cub3D/cub3D)
==177484==    by 0x4037BB: init_mlx (in /sgoinfre/mhdeeb/Core/cub3D/cub3D/cub3D)
==177484==    by 0x402593: main (in /sgoinfre/mhdeeb/Core/cub3D/cub3D/cub3D)
==177484== 
==177484== LEAK SUMMARY:
==177484==    definitely lost: 0 bytes in 0 blocks
==177484==    indirectly lost: 0 bytes in 0 blocks
==177484==      possibly lost: 0 bytes in 0 blocks
==177484==    still reachable: 113,580 bytes in 145 blocks
==177484==         suppressed: 0 bytes in 0 blocks
==177484== 
==177484== For lists of detected and suppressed errors, rerun with: -s
==177484== ERROR SUMMARY: 1 errors from 1 contexts (suppressed: 0 from 0)
